<?xml version="1.0" encoding="UTF-8"?>
<testsuite xmlns:xsi="http://www.w3.org/2001/XMLSchema-instance" xsi:noNamespaceSchemaLocation="https://maven.apache.org/surefire/maven-surefire-plugin/xsd/surefire-test-report-3.0.xsd" version="3.0" name="com.exercicis.TestExercici0202" time="0.062" tests="1" errors="0" skipped="0" failures="0">
  <properties>
[...]
</properties>
  <testcase name="testOrdenarEsportistesPerMedalla(TestInfo)" classname="com.exercicis.TestExercici0202" time="0.037">
    <system-out><![CDATA[Test failed: testOrdenarEsportistesPerMedalla(TestInfo)
La llista no està ordenada correctament per medalles de tipus: or ==> expected: <true> but was: <false>
]]></system-out>
  </testcase>
</testsuite>